<?xml version="1.0" encoding="UTF-8"?>
<testsuite name="runners.RegisterUser" tests="0" skipped="0" failures="0" errors="0" timestamp="1970-01-01T00:00:00" hostname="DESKTOP-BELCJ9D" time="0.0">
  <properties/>
  <system-out><![CDATA[
?[31mFailed scenarios:?[0m
?[31msrc/test/resources/features/register_utest.feature:10 ?[0m# Registrarme en Utest.com

1 Scenarios (?[31m1 failed?[0m)
3 Steps (?[31m1 failed?[0m, ?[36m1 skipped?[0m, ?[32m1 passed?[0m)
0m43,629s

org.openqa.selenium.ElementClickInterceptedException: element click intercepted: Element <i class="material-icons" aria-hidden="true">...</i> is not clickable at point (1183, 577). Other element would receive the click: <div class="ot-sdk-row">...</div>
  (Session info: chrome=128.0.6613.120)
Build info: version: '3.141.59', revision: 'e82be7d358', time: '2018-11-14T08:17:03'
System info: host: 'DESKTOP-BELCJ9D', ip: '192.168.1.19', os.name: 'Windows 10', os.arch: 'amd64', os.version: '10.0', java.version: '1.8.0_202'
Driver info: org.openqa.selenium.chrome.ChromeDriver
Capabilities {acceptInsecureCerts: false, browserName: chrome, browserVersion: 128.0.6613.120, chrome: {chromedriverVersion: 128.0.6613.86 (3045ed680fda..., userDataDir: C:\Windows\SystemTemp\scope...}, fedcm:accounts: true, goog:chromeOptions: {debuggerAddress: localhost:63978}, javascriptEnabled: true, networkConnectionEnabled: false, pageLoadStrategy: normal, platform: WINDOWS, platformName: WINDOWS, proxy: Proxy(), setWindowRect: true, strictFileInteractability: false, timeouts: {implicit: 0, pageLoad: 300000, script: 30000}, unhandledPromptBehavior: dismiss and notify, webauthn:extension:credBlob: true, webauthn:extension:largeBlob: true, webauthn:extension:minPinLength: true, webauthn:extension:prf: true, webauthn:virtualAuthenticators: true}
Session ID: c8f2d670d9a5590a894bf120d551ec05
	at sun.reflect.NativeConstructorAccessorImpl.newInstance0(Native Method)
	at sun.reflect.NativeConstructorAccessorImpl.newInstance(NativeConstructorAccessorImpl.java:62)
	at sun.reflect.DelegatingConstructorAccessorImpl.newInstance(DelegatingConstructorAccessorImpl.java:45)
	at java.lang.reflect.Constructor.newInstance(Constructor.java:423)
	at org.openqa.selenium.remote.http.W3CHttpResponseCodec.createException(W3CHttpResponseCodec.java:187)
	at org.openqa.selenium.remote.http.W3CHttpResponseCodec.decode(W3CHttpResponseCodec.java:122)
	at org.openqa.selenium.remote.http.W3CHttpResponseCodec.decode(W3CHttpResponseCodec.java:49)
	at org.openqa.selenium.remote.HttpCommandExecutor.execute(HttpCommandExecutor.java:158)
	at org.openqa.selenium.remote.service.DriverCommandExecutor.execute(DriverCommandExecutor.java:83)
	at org.openqa.selenium.remote.RemoteWebDriver.execute(RemoteWebDriver.java:552)
	at org.openqa.selenium.remote.RemoteWebElement.execute(RemoteWebElement.java:285)
	at org.openqa.selenium.remote.RemoteWebElement.click(RemoteWebElement.java:84)
	at net.serenitybdd.core.pages.WebElementFacadeImpl.click(WebElementFacadeImpl.java:1231)
	at net.serenitybdd.screenplay.actions.ClickOnTarget.performAs(ClickOnTarget.java:13)
	at net.serenitybdd.screenplay.actions.ClickOnTarget$ByteBuddy$18pCaddu.performAs$accessor$MxFEzHMS(Unknown Source)
	at sun.reflect.NativeMethodAccessorImpl.invoke0(Native Method)
	at sun.reflect.NativeMethodAccessorImpl.invoke(NativeMethodAccessorImpl.java:62)
	at sun.reflect.DelegatingMethodAccessorImpl.invoke(DelegatingMethodAccessorImpl.java:43)
	at java.lang.reflect.Method.invoke(Method.java:498)
	at net.thucydides.core.steps.StepInterceptor.invokeMethod(StepInterceptor.java:466)
	at net.thucydides.core.steps.StepInterceptor.executeTestStepMethod(StepInterceptor.java:450)
	at net.thucydides.core.steps.StepInterceptor.runTestStep(StepInterceptor.java:425)
	at net.thucydides.core.steps.StepInterceptor.runOrSkipMethod(StepInterceptor.java:180)
	at net.thucydides.core.steps.StepInterceptor.testStepResult(StepInterceptor.java:167)
	at net.thucydides.core.steps.StepInterceptor.intercept(StepInterceptor.java:74)
	at net.serenitybdd.screenplay.actions.ClickOnTarget$ByteBuddy$18pCaddu.performAs(Unknown Source)
	at net.serenitybdd.screenplay.Actor.performTask(Actor.java:233)
	at net.serenitybdd.screenplay.Actor.perform(Actor.java:214)
	at net.serenitybdd.screenplay.Actor.attemptsTo(Actor.java:171)
	at tasks.FirstFormRegister.performAs(FirstFormRegister.java:26)
	at tasks.FirstFormRegister$ByteBuddy$lpzGgJd9.performAs$accessor$4zswQ2fx(Unknown Source)
	at sun.reflect.NativeMethodAccessorImpl.invoke0(Native Method)
	at sun.reflect.NativeMethodAccessorImpl.invoke(NativeMethodAccessorImpl.java:62)
	at sun.reflect.DelegatingMethodAccessorImpl.invoke(DelegatingMethodAccessorImpl.java:43)
	at java.lang.reflect.Method.invoke(Method.java:498)
	at net.thucydides.core.steps.StepInterceptor.invokeMethod(StepInterceptor.java:466)
	at net.thucydides.core.steps.StepInterceptor.executeTestStepMethod(StepInterceptor.java:450)
	at net.thucydides.core.steps.StepInterceptor.runTestStep(StepInterceptor.java:425)
	at net.thucydides.core.steps.StepInterceptor.runOrSkipMethod(StepInterceptor.java:180)
	at net.thucydides.core.steps.StepInterceptor.testStepResult(StepInterceptor.java:167)
	at net.thucydides.core.steps.StepInterceptor.intercept(StepInterceptor.java:74)
	at tasks.FirstFormRegister$ByteBuddy$lpzGgJd9.performAs(Unknown Source)
	at net.serenitybdd.screenplay.Actor.performTask(Actor.java:233)
	at net.serenitybdd.screenplay.Actor.perform(Actor.java:214)
	at net.serenitybdd.screenplay.Actor.attemptsTo(Actor.java:171)
	at StepDefinitions.RegisterUserDefinitions.completoLaInformacionDelRegistro(RegisterUserDefinitions.java:41)
	at ?.completo la informacion del registro con el Andres(src/test/resources/features/register_utest.feature:6)

]]></system-out>
  <system-err><![CDATA[SLF4J: Failed to load class "org.slf4j.impl.StaticLoggerBinder".
SLF4J: Defaulting to no-operation (NOP) logger implementation
SLF4J: See http://www.slf4j.org/codes.html#StaticLoggerBinder for further details.
]]></system-err>
</testsuite>
